2022-09-30 03:45 +00:00: SyntaxError: Non-UTF-8 code starting with '\xef' in file /usr/bin/bash on line 2, but no encoding declared; see https://python.org/dev/peps/pep-0263/ for details
2022-09-30 03:45 +00:00: SyntaxError
2022-09-30 03:45 +00:00: : 
2022-09-30 03:45 +00:00: Non-UTF-8 code starting with '\xef' in file /usr/bin/bash on line 2, but no encoding declared; see https://python.org/dev/peps/pep-0263/ for details
2022-09-30 03:45 +00:00: 
2022-09-30 03:45 +00:00: SyntaxError
2022-09-30 03:45 +00:00: : 
2022-09-30 03:45 +00:00: Non-UTF-8 code starting with '\xef' in file /usr/bin/bash on line 2, but no encoding declared; see https://python.org/dev/peps/pep-0263/ for details
2022-09-30 03:45 +00:00: 
2022-09-30 03:45 +00:00: SyntaxError
2022-09-30 03:45 +00:00: : 
2022-09-30 03:45 +00:00: Non-UTF-8 code starting with '\xef' in file /usr/bin/bash on line 2, but no encoding declared; see https://python.org/dev/peps/pep-0263/ for details
2022-09-30 03:45 +00:00: 
2022-09-30 03:45 +00:00: SyntaxError
2022-09-30 03:45 +00:00: : 
2022-09-30 03:45 +00:00: Non-UTF-8 code starting with '\xef' in file /usr/bin/bash on line 2, but no encoding declared; see https://python.org/dev/peps/pep-0263/ for details
2022-09-30 03:45 +00:00: 
2022-09-30 03:45 +00:00: SyntaxError
2022-09-30 03:45 +00:00: : 
2022-09-30 03:45 +00:00: Non-UTF-8 code starting with '\xef' in file /usr/bin/bash on line 2, but no encoding declared; see https://python.org/dev/peps/pep-0263/ for details
2022-09-30 03:45 +00:00: 
2022-09-30 03:45 +00:00: SyntaxError
2022-09-30 03:45 +00:00: : 
2022-09-30 03:45 +00:00: Non-UTF-8 code starting with '\xef' in file /usr/bin/bash on line 2, but no encoding declared; see https://python.org/dev/peps/pep-0263/ for details
2022-09-30 03:45 +00:00: 
2022-09-30 03:45 +00:00: SyntaxError
2022-09-30 03:45 +00:00: : 
2022-09-30 03:45 +00:00: Non-UTF-8 code starting with '\xef' in file /usr/bin/bash on line 2, but no encoding declared; see https://python.org/dev/peps/pep-0263/ for details
2022-09-30 03:45 +00:00: 
2022-09-30 03:45 +00:00: SyntaxError
2022-09-30 03:45 +00:00: : 
2022-09-30 03:45 +00:00: Non-UTF-8 code starting with '\xef' in file /usr/bin/bash on line 2, but no encoding declared; see https://python.org/dev/peps/pep-0263/ for details
2022-09-30 03:45 +00:00: 
2022-09-30 03:45 +00:00: SyntaxError
2022-09-30 03:45 +00:00: : 
2022-09-30 03:45 +00:00: Non-UTF-8 code starting with '\xef' in file /usr/bin/bash on line 2, but no encoding declared; see https://python.org/dev/peps/pep-0263/ for details
2022-09-30 03:45 +00:00: 
2022-09-30 03:45 +00:00: SyntaxError
2022-09-30 03:45 +00:00: : 
2022-09-30 03:45 +00:00: Non-UTF-8 code starting with '\xef' in file /usr/bin/bash on line 2, but no encoding declared; see https://python.org/dev/peps/pep-0263/ for details
2022-09-30 03:45 +00:00: 
2022-09-30 03:45 +00:00: SyntaxError
2022-09-30 03:45 +00:00: : 
2022-09-30 03:45 +00:00: Non-UTF-8 code starting with '\xef' in file /usr/bin/bash on line 2, but no encoding declared; see https://python.org/dev/peps/pep-0263/ for details
2022-09-30 03:45 +00:00: 
2022-09-30 03:45 +00:00: SyntaxError
2022-09-30 03:45 +00:00: : 
2022-09-30 03:45 +00:00: Non-UTF-8 code starting with '\xef' in file /usr/bin/bash on line 2, but no encoding declared; see https://python.org/dev/peps/pep-0263/ for details
2022-09-30 03:45 +00:00: 
2022-09-30 03:45 +00:00: SyntaxError
2022-09-30 03:45 +00:00: : 
2022-09-30 03:45 +00:00: Non-UTF-8 code starting with '\xef' in file /usr/bin/bash on line 2, but no encoding declared; see https://python.org/dev/peps/pep-0263/ for details
2022-09-30 03:45 +00:00: 
2022-09-30 03:45 +00:00: SyntaxError
2022-09-30 03:45 +00:00: : 
2022-09-30 03:45 +00:00: Non-UTF-8 code starting with '\xef' in file /usr/bin/bash on line 2, but no encoding declared; see https://python.org/dev/peps/pep-0263/ for details
2022-09-30 03:45 +00:00: 
2022-09-30 03:45 +00:00: SyntaxError
2022-09-30 03:45 +00:00: : 
2022-09-30 03:45 +00:00: Non-UTF-8 code starting with '\xef' in file /usr/bin/bash on line 2, but no encoding declared; see https://python.org/dev/peps/pep-0263/ for details
2022-09-30 03:45 +00:00: 
2022-09-30 03:45 +00:00: SyntaxError
2022-09-30 03:45 +00:00: : 
2022-09-30 03:45 +00:00: Non-UTF-8 code starting with '\xef' in file /usr/bin/bash on line 2, but no encoding declared; see https://python.org/dev/peps/pep-0263/ for details
2022-09-30 03:45 +00:00: 
2022-09-30 03:45 +00:00: SyntaxError
2022-09-30 03:45 +00:00: : 
2022-09-30 03:45 +00:00: Non-UTF-8 code starting with '\xef' in file /usr/bin/bash on line 2, but no encoding declared; see https://python.org/dev/peps/pep-0263/ for details
2022-09-30 03:45 +00:00: 
2022-09-30 03:45 +00:00: SyntaxError
2022-09-30 03:45 +00:00: : 
2022-09-30 03:45 +00:00: Non-UTF-8 code starting with '\xef' in file /usr/bin/bash on line 2, but no encoding declared; see https://python.org/dev/peps/pep-0263/ for details
2022-09-30 03:45 +00:00: 
2022-09-30 03:45 +00:00: SyntaxError
2022-09-30 03:45 +00:00: : 
2022-09-30 03:45 +00:00: Non-UTF-8 code starting with '\xef' in file /usr/bin/bash on line 2, but no encoding declared; see https://python.org/dev/peps/pep-0263/ for details
2022-09-30 03:45 +00:00: 
2022-09-30 03:45 +00:00: SyntaxError
2022-09-30 03:45 +00:00: : 
2022-09-30 03:45 +00:00: Non-UTF-8 code starting with '\xef' in file /usr/bin/bash on line 2, but no encoding declared; see https://python.org/dev/peps/pep-0263/ for details
2022-09-30 03:45 +00:00: 
2022-09-30 03:45 +00:00: SyntaxError
2022-09-30 03:45 +00:00: : 
2022-09-30 03:45 +00:00: Non-UTF-8 code starting with '\xef' in file /usr/bin/bash on line 2, but no encoding declared; see https://python.org/dev/peps/pep-0263/ for details
2022-09-30 03:45 +00:00: 
2022-09-30 03:45 +00:00: SyntaxError
2022-09-30 03:45 +00:00: : 
2022-09-30 03:45 +00:00: Non-UTF-8 code starting with '\xef' in file /usr/bin/bash on line 2, but no encoding declared; see https://python.org/dev/peps/pep-0263/ for details
2022-09-30 03:45 +00:00: 
2022-09-30 03:45 +00:00: SyntaxError
2022-09-30 03:45 +00:00: : 
2022-09-30 03:45 +00:00: Non-UTF-8 code starting with '\xef' in file /usr/bin/bash on line 2, but no encoding declared; see https://python.org/dev/peps/pep-0263/ for details
2022-09-30 03:45 +00:00: 
2022-09-30 03:45 +00:00: SyntaxError
2022-09-30 03:45 +00:00: : 
2022-09-30 03:45 +00:00: Non-UTF-8 code starting with '\xef' in file /usr/bin/bash on line 2, but no encoding declared; see https://python.org/dev/peps/pep-0263/ for details
2022-09-30 03:45 +00:00: 
2022-09-30 03:45 +00:00: SyntaxError
2022-09-30 03:45 +00:00: : 
2022-09-30 03:45 +00:00: Non-UTF-8 code starting with '\xef' in file /usr/bin/bash on line 2, but no encoding declared; see https://python.org/dev/peps/pep-0263/ for details
2022-09-30 03:45 +00:00: 
2022-09-30 03:45 +00:00: SyntaxError
2022-09-30 03:45 +00:00: : 
2022-09-30 03:45 +00:00: Non-UTF-8 code starting with '\xef' in file /usr/bin/bash on line 2, but no encoding declared; see https://python.org/dev/peps/pep-0263/ for details
2022-09-30 03:45 +00:00: 
2022-09-30 03:45 +00:00: SyntaxError
2022-09-30 03:45 +00:00: : 
2022-09-30 03:45 +00:00: Non-UTF-8 code starting with '\xef' in file /usr/bin/bash on line 2, but no encoding declared; see https://python.org/dev/peps/pep-0263/ for details
2022-09-30 03:45 +00:00: SyntaxError
2022-09-30 03:45 +00:00: : 
2022-09-30 03:45 +00:00: Non-UTF-8 code starting with '\xef' in file /usr/bin/bash on line 2, but no encoding declared; see https://python.org/dev/peps/pep-0263/ for details
2022-09-30 03:45 +00:00: 
2022-09-30 03:45 +00:00: SyntaxError
2022-09-30 03:45 +00:00: : 
2022-09-30 03:45 +00:00: Non-UTF-8 code starting with '\xef' in file /usr/bin/bash on line 2, but no encoding declared; see https://python.org/dev/peps/pep-0263/ for details
2022-09-30 03:45 +00:00: 
2022-09-30 03:45 +00:00: SyntaxError
2022-09-30 03:45 +00:00: : 
2022-09-30 03:45 +00:00: Non-UTF-8 code starting with '\xef' in file /usr/bin/bash on line 2, but no encoding declared; see https://python.org/dev/peps/pep-0263/ for details
2022-09-30 03:45 +00:00: 
2022-09-30 03:45 +00:00: SyntaxError
2022-09-30 03:45 +00:00: : 
2022-09-30 03:45 +00:00: Non-UTF-8 code starting with '\xef' in file /usr/bin/bash on line 2, but no encoding declared; see https://python.org/dev/peps/pep-0263/ for details
2022-09-30 03:45 +00:00: 
2022-09-30 03:47 +00:00: SyntaxError
2022-09-30 03:47 +00:00: : 
2022-09-30 03:47 +00:00: Non-UTF-8 code starting with '\xef' in file /usr/bin/bash on line 2, but no encoding declared; see https://python.org/dev/peps/pep-0263/ for details
2022-09-30 03:47 +00:00: 
2022-09-30 03:47 +00:00: SyntaxError
2022-09-30 03:47 +00:00: : 
2022-09-30 03:47 +00:00: Non-UTF-8 code starting with '\xef' in file /usr/bin/bash on line 2, but no encoding declared; see https://python.org/dev/peps/pep-0263/ for details
2022-09-30 03:47 +00:00: 
2022-09-30 03:47 +00:00: SyntaxError
2022-09-30 03:47 +00:00: : 
2022-09-30 03:47 +00:00: Non-UTF-8 code starting with '\xef' in file /usr/bin/bash on line 2, but no encoding declared; see https://python.org/dev/peps/pep-0263/ for details
2022-09-30 03:47 +00:00: 
2022-09-30 03:47 +00:00: SyntaxError
2022-09-30 03:47 +00:00: : 
2022-09-30 03:47 +00:00: Non-UTF-8 code starting with '\xef' in file /usr/bin/bash on line 2, but no encoding declared; see https://python.org/dev/peps/pep-0263/ for details
2022-09-30 03:47 +00:00: 
2022-09-30 03:47 +00:00: SyntaxError
2022-09-30 03:47 +00:00: : 
2022-09-30 03:47 +00:00: Non-UTF-8 code starting with '\xef' in file /usr/bin/bash on line 2, but no encoding declared; see https://python.org/dev/peps/pep-0263/ for details
2022-09-30 03:47 +00:00: 
2022-09-30 03:47 +00:00: SyntaxError
2022-09-30 03:47 +00:00: : 
2022-09-30 03:47 +00:00: Non-UTF-8 code starting with '\xef' in file /usr/bin/bash on line 2, but no encoding declared; see https://python.org/dev/peps/pep-0263/ for details
2022-09-30 03:47 +00:00: 
2022-09-30 03:47 +00:00: SyntaxError
2022-09-30 03:47 +00:00: : 
2022-09-30 03:47 +00:00: Non-UTF-8 code starting with '\xef' in file /usr/bin/bash on line 2, but no encoding declared; see https://python.org/dev/peps/pep-0263/ for details
2022-09-30 03:47 +00:00: 
2022-09-30 03:47 +00:00: SyntaxError
2022-09-30 03:47 +00:00: : 
2022-09-30 03:47 +00:00: Non-UTF-8 code starting with '\xef' in file /usr/bin/bash on line 2, but no encoding declared; see https://python.org/dev/peps/pep-0263/ for details
2022-09-30 03:47 +00:00: SyntaxError
2022-09-30 03:47 +00:00: : 
2022-09-30 03:47 +00:00: Non-UTF-8 code starting with '\xef' in file /usr/bin/bash on line 2, but no encoding declared; see https://python.org/dev/peps/pep-0263/ for details
2022-09-30 03:47 +00:00: 
2022-09-30 03:47 +00:00: SyntaxError
2022-09-30 03:47 +00:00: : 
2022-09-30 03:47 +00:00: Non-UTF-8 code starting with '\xef' in file /usr/bin/bash on line 2, but no encoding declared; see https://python.org/dev/peps/pep-0263/ for details
2022-09-30 03:47 +00:00: 
2022-09-30 03:47 +00:00: SyntaxError
2022-09-30 03:47 +00:00: : 
2022-09-30 03:47 +00:00: Non-UTF-8 code starting with '\xef' in file /usr/bin/bash on line 2, but no encoding declared; see https://python.org/dev/peps/pep-0263/ for details
2022-09-30 03:47 +00:00: 
2022-09-30 03:47 +00:00: SyntaxError
2022-09-30 03:47 +00:00: : 
2022-09-30 03:47 +00:00: Non-UTF-8 code starting with '\xef' in file /usr/bin/bash on line 2, but no encoding declared; see https://python.org/dev/peps/pep-0263/ for details
2022-09-30 03:47 +00:00: 
2022-09-30 03:47 +00:00: SyntaxError
2022-09-30 03:47 +00:00: : 
2022-09-30 03:47 +00:00: Non-UTF-8 code starting with '\xef' in file /usr/bin/bash on line 2, but no encoding declared; see https://python.org/dev/peps/pep-0263/ for details
2022-09-30 03:47 +00:00: SyntaxError
2022-09-30 03:47 +00:00: : Non-UTF-8 code starting with '\xef' in file /usr/bin/bash on line 2, but no encoding declared; see https://python.org/dev/peps/pep-0263/ for details
2022-09-30 03:47 +00:00: SyntaxError
2022-09-30 03:47 +00:00: : 
2022-09-30 03:47 +00:00: Non-UTF-8 code starting with '\xef' in file /usr/bin/bash on line 2, but no encoding declared; see https://python.org/dev/peps/pep-0263/ for details
2022-09-30 03:47 +00:00: 
2022-09-30 03:47 +00:00: SyntaxError
2022-09-30 03:47 +00:00: : 
2022-09-30 03:47 +00:00: Non-UTF-8 code starting with '\xef' in file /usr/bin/bash on line 2, but no encoding declared; see https://python.org/dev/peps/pep-0263/ for details
2022-09-30 03:47 +00:00: 
2022-09-30 03:51 +00:00: SyntaxError
2022-09-30 03:51 +00:00: : 
2022-09-30 03:51 +00:00: Non-UTF-8 code starting with '\xef' in file /usr/bin/bash on line 2, but no encoding declared; see https://python.org/dev/peps/pep-0263/ for details
2022-09-30 03:51 +00:00: 
2022-09-30 03:51 +00:00: SyntaxError
2022-09-30 03:51 +00:00: : 
2022-09-30 03:51 +00:00: Non-UTF-8 code starting with '\xef' in file /usr/bin/bash on line 2, but no encoding declared; see https://python.org/dev/peps/pep-0263/ for details
2022-09-30 03:51 +00:00: 
2022-09-30 03:51 +00:00: SyntaxError
2022-09-30 03:51 +00:00: : 
2022-09-30 03:51 +00:00: Non-UTF-8 code starting with '\xef' in file /usr/bin/bash on line 2, but no encoding declared; see https://python.org/dev/peps/pep-0263/ for details
2022-09-30 03:51 +00:00: 
2022-09-30 03:51 +00:00: SyntaxError
2022-09-30 03:51 +00:00: : 
2022-09-30 03:51 +00:00: Non-UTF-8 code starting with '\xef' in file /usr/bin/bash on line 2, but no encoding declared; see https://python.org/dev/peps/pep-0263/ for details
2022-09-30 03:51 +00:00: 
2022-09-30 03:51 +00:00: SyntaxError
2022-09-30 03:51 +00:00: : 
2022-09-30 03:51 +00:00: Non-UTF-8 code starting with '\xef' in file /usr/bin/bash on line 2, but no encoding declared; see https://python.org/dev/peps/pep-0263/ for details
2022-09-30 03:51 +00:00: 
2022-09-30 03:51 +00:00: SyntaxError
2022-09-30 03:51 +00:00: : 
2022-09-30 03:51 +00:00: Non-UTF-8 code starting with '\xef' in file /usr/bin/bash on line 2, but no encoding declared; see https://python.org/dev/peps/pep-0263/ for details
2022-09-30 03:51 +00:00: SyntaxError
2022-09-30 03:51 +00:00: : 
2022-09-30 03:51 +00:00: Non-UTF-8 code starting with '\xef' in file /usr/bin/bash on line 2, but no encoding declared; see https://python.org/dev/peps/pep-0263/ for details
2022-09-30 03:51 +00:00: 
2022-09-30 03:51 +00:00: SyntaxError
2022-09-30 03:51 +00:00: : 
2022-09-30 03:51 +00:00: Non-UTF-8 code starting with '\xef' in file /usr/bin/bash on line 2, but no encoding declared; see https://python.org/dev/peps/pep-0263/ for details
2022-09-30 03:51 +00:00: 
2022-09-30 03:51 +00:00: SyntaxError
2022-09-30 03:51 +00:00: : 
2022-09-30 03:51 +00:00: Non-UTF-8 code starting with '\xef' in file /usr/bin/bash on line 2, but no encoding declared; see https://python.org/dev/peps/pep-0263/ for details
2022-09-30 03:51 +00:00: 
2022-09-30 03:51 +00:00: SyntaxError
2022-09-30 03:51 +00:00: : 
2022-09-30 03:51 +00:00: Non-UTF-8 code starting with '\xef' in file /usr/bin/bash on line 2, but no encoding declared; see https://python.org/dev/peps/pep-0263/ for details
2022-09-30 03:51 +00:00: 
2022-09-30 03:51 +00:00: SyntaxError
2022-09-30 03:51 +00:00: : 
2022-09-30 03:51 +00:00: Non-UTF-8 code starting with '\xef' in file /usr/bin/bash on line 2, but no encoding declared; see https://python.org/dev/peps/pep-0263/ for details
2022-09-30 03:51 +00:00: 
2022-09-30 03:51 +00:00: SyntaxError
2022-09-30 03:51 +00:00: : 
2022-09-30 03:51 +00:00: Non-UTF-8 code starting with '\xef' in file /usr/bin/bash on line 2, but no encoding declared; see https://python.org/dev/peps/pep-0263/ for details
2022-09-30 03:51 +00:00: 
2022-09-30 03:51 +00:00: SyntaxError
2022-09-30 03:51 +00:00: : 
2022-09-30 03:51 +00:00: Non-UTF-8 code starting with '\xef' in file /usr/bin/bash on line 2, but no encoding declared; see https://python.org/dev/peps/pep-0263/ for details
2022-09-30 03:51 +00:00: 
2022-09-30 03:51 +00:00: SyntaxError
2022-09-30 03:51 +00:00: : 
2022-09-30 03:51 +00:00: Non-UTF-8 code starting with '\xef' in file /usr/bin/bash on line 2, but no encoding declared; see https://python.org/dev/peps/pep-0263/ for details
2022-09-30 03:51 +00:00: 
2022-09-30 03:51 +00:00: SyntaxError
2022-09-30 03:51 +00:00: : 
2022-09-30 03:51 +00:00: Non-UTF-8 code starting with '\xef' in file /usr/bin/bash on line 2, but no encoding declared; see https://python.org/dev/peps/pep-0263/ for details
2022-09-30 03:51 +00:00: 
2022-09-30 03:51 +00:00: SyntaxError
2022-09-30 03:51 +00:00: : 
2022-09-30 03:51 +00:00: Non-UTF-8 code starting with '\xef' in file /usr/bin/bash on line 2, but no encoding declared; see https://python.org/dev/peps/pep-0263/ for details
2022-09-30 03:51 +00:00: 
